Compiled from "z11.java"
public class z11 {
  public z11();
    Code:
       0: aload_0
       1: invokespecial #1                  // Method java/lang/Object."<init>":()V
       4: return

  public static void main(java.lang.String[]);
    Code:
       0: bipush        10
       2: istore_1
       3: bipush        7
       5: istore_2
       6: iload_1
       7: iload_2
       8: iadd
       9: istore_3
      10: iload_1
      11: iload_2
      12: imul
      13: istore_3
      14: iload_1
      15: ineg
      16: istore_3
      17: iload_1
      18: iload_2
      19: idiv
      20: istore_3
      21: getstatic     #2                  // Field java/lang/System.out:Ljava/io/PrintStream;
      24: iload_3
      25: invokevirtual #3                  // Method java/io/PrintStream.println:(I)V
      28: return
}
