Compiled from "z12.java"
public class z12 {
  public z12();
    Code:
       0: aload_0
       1: invokespecial #1                  // Method java/lang/Object."<init>":()V
       4: return

  public static void main(java.lang.String[]);
    Code:
       0: bipush        10
       2: istore_1
       3: bipush        7
       5: istore_2
       6: iload_1
       7: iload_2
       8: if_icmpge     15
      11: iconst_1
      12: goto          16
      15: iconst_0
      16: istore_3
      17: iload_1
      18: iload_2
      19: if_icmpne     26
      22: iconst_1
      23: goto          27
      26: iconst_0
      27: istore_3
      28: iload_3
      29: ifne          36
      32: iconst_1
      33: goto          37
      36: iconst_0
      37: istore_3
      38: getstatic     #2                  // Field java/lang/System.out:Ljava/io/PrintStream;
      41: iload_3
      42: invokevirtual #3                  // Method java/io/PrintStream.println:(Z)V
      45: return
}
